{"D:/MCode/yeykbz-ui/uno.config.ts": {"path":"D:/MCode/yeykbz-ui/uno.config.ts","statementMap":{"0":{"start":{"line":11,"column":0},"end":{"line":11,"column":null}},"1":{"start":{"line":12,"column":15},"end":{"line":23,"column":null}},"2":{"start":{"line":24,"column":17},"end":{"line":52,"column":null}},"3":{"start":{"line":26,"column":23},"end":{"line":26,"column":36}},"4":{"start":{"line":27,"column":23},"end":{"line":27,"column":36}},"5":{"start":{"line":28,"column":23},"end":{"line":28,"column":36}},"6":{"start":{"line":29,"column":23},"end":{"line":29,"column":42}},"7":{"start":{"line":30,"column":23},"end":{"line":30,"column":42}},"8":{"start":{"line":31,"column":23},"end":{"line":31,"column":42}},"9":{"start":{"line":32,"column":23},"end":{"line":32,"column":42}},"10":{"start":{"line":33,"column":23},"end":{"line":33,"column":40}},"11":{"start":{"line":34,"column":23},"end":{"line":34,"column":40}},"12":{"start":{"line":35,"column":23},"end":{"line":35,"column":38}},"13":{"start":{"line":36,"column":23},"end":{"line":36,"column":44}},"14":{"start":{"line":38,"column":41},"end":{"line":38,"column":54}},"15":{"start":{"line":39,"column":41},"end":{"line":39,"column":54}},"16":{"start":{"line":40,"column":63},"end":{"line":40,"column":74}},"17":{"start":{"line":51,"column":15},"end":{"line":51,"column":35}},"18":{"start":{"line":83,"column":30},"end":{"line":83,"column":51}}},"fnMap":{"0":{"name":"(anonymous_0)","decl":{"start":{"line":26,"column":16},"end":{"line":26,"column":17}},"loc":{"start":{"line":26,"column":23},"end":{"line":26,"column":36}}},"1":{"name":"(anonymous_1)","decl":{"start":{"line":27,"column":16},"end":{"line":27,"column":17}},"loc":{"start":{"line":27,"column":23},"end":{"line":27,"column":36}}},"2":{"name":"(anonymous_2)","decl":{"start":{"line":28,"column":16},"end":{"line":28,"column":17}},"loc":{"start":{"line":28,"column":23},"end":{"line":28,"column":36}}},"3":{"name":"(anonymous_3)","decl":{"start":{"line":29,"column":16},"end":{"line":29,"column":17}},"loc":{"start":{"line":29,"column":23},"end":{"line":29,"column":42}}},"4":{"name":"(anonymous_4)","decl":{"start":{"line":30,"column":16},"end":{"line":30,"column":17}},"loc":{"start":{"line":30,"column":23},"end":{"line":30,"column":42}}},"5":{"name":"(anonymous_5)","decl":{"start":{"line":31,"column":16},"end":{"line":31,"column":17}},"loc":{"start":{"line":31,"column":23},"end":{"line":31,"column":42}}},"6":{"name":"(anonymous_6)","decl":{"start":{"line":32,"column":16},"end":{"line":32,"column":17}},"loc":{"start":{"line":32,"column":23},"end":{"line":32,"column":42}}},"7":{"name":"(anonymous_7)","decl":{"start":{"line":33,"column":16},"end":{"line":33,"column":17}},"loc":{"start":{"line":33,"column":23},"end":{"line":33,"column":40}}},"8":{"name":"(anonymous_8)","decl":{"start":{"line":34,"column":16},"end":{"line":34,"column":17}},"loc":{"start":{"line":34,"column":23},"end":{"line":34,"column":40}}},"9":{"name":"(anonymous_9)","decl":{"start":{"line":35,"column":16},"end":{"line":35,"column":17}},"loc":{"start":{"line":35,"column":23},"end":{"line":35,"column":38}}},"10":{"name":"(anonymous_10)","decl":{"start":{"line":36,"column":16},"end":{"line":36,"column":17}},"loc":{"start":{"line":36,"column":23},"end":{"line":36,"column":44}}},"11":{"name":"(anonymous_11)","decl":{"start":{"line":38,"column":31},"end":{"line":38,"column":32}},"loc":{"start":{"line":38,"column":41},"end":{"line":38,"column":54}}},"12":{"name":"(anonymous_12)","decl":{"start":{"line":39,"column":31},"end":{"line":39,"column":32}},"loc":{"start":{"line":39,"column":41},"end":{"line":39,"column":54}}},"13":{"name":"(anonymous_13)","decl":{"start":{"line":40,"column":56},"end":{"line":40,"column":57}},"loc":{"start":{"line":40,"column":63},"end":{"line":40,"column":74}}},"14":{"name":"(anonymous_14)","decl":{"start":{"line":51,"column":8},"end":{"line":51,"column":9}},"loc":{"start":{"line":51,"column":15},"end":{"line":51,"column":35}}},"15":{"name":"(anonymous_15)","decl":{"start":{"line":83,"column":18},"end":{"line":83,"column":19}},"loc":{"start":{"line":83,"column":30},"end":{"line":83,"column":51}}}},"branchMap":{"0":{"loc":{"start":{"line":56,"column":11},"end":{"line":56,"column":null}},"type":"cond-expr","locations":[{"start":{"line":56,"column":51},"end":{"line":56,"column":61}},{"start":{"line":56,"column":61},"end":{"line":56,"column":null}}]}},"s":{"0":1,"1":1,"2":1,"3":10,"4":10,"5":10,"6":10,"7":10,"8":10,"9":10,"10":10,"11":10,"12":10,"13":10,"14":8,"15":8,"16":7,"17":8,"18":0},"f":{"0":10,"1":10,"2":10,"3":10,"4":10,"5":10,"6":10,"7":10,"8":10,"9":10,"10":10,"11":8,"12":8,"13":7,"14":8,"15":0},"b":{"0":[0,1]}}
}
